{"/Users/shatakshir/Documents/Assignment 1 _AI_talentica/ecommerce-frontend-mvp/src/api/productApi.ts": {"path":"/Users/shatakshir/Documents/Assignment 1 _AI_talentica/ecommerce-frontend-mvp/src/api/productApi.ts","statementMap":{"0":{"start":{"line":1,"column":0},"end":{"line":1,"column":73}},"1":{"start":{"line":12,"column":13},"end":{"line":29,"column":3}},"2":{"start":{"line":15,"column":27},"end":{"line":28,"column":4}},"3":{"start":{"line":17,"column":19},"end":{"line":17,"column":29}},"4":{"start":{"line":20,"column":21},"end":{"line":20,"column":37}},"5":{"start":{"line":23,"column":19},"end":{"line":23,"column":40}},"6":{"start":{"line":26,"column":27},"end":{"line":26,"column":58}},"7":{"start":{"line":32,"column":2},"end":{"line":36,"column":15}}},"fnMap":{"0":{"name":"(anonymous_0)","decl":{"start":{"line":15,"column":13},"end":{"line":15,"column":14}},"loc":{"start":{"line":15,"column":27},"end":{"line":28,"column":4}}},"1":{"name":"(anonymous_1)","decl":{"start":{"line":17,"column":13},"end":{"line":17,"column":16}},"loc":{"start":{"line":17,"column":19},"end":{"line":17,"column":29}}},"2":{"name":"(anonymous_2)","decl":{"start":{"line":20,"column":13},"end":{"line":20,"column":14}},"loc":{"start":{"line":20,"column":21},"end":{"line":20,"column":37}}},"3":{"name":"(anonymous_3)","decl":{"start":{"line":23,"column":13},"end":{"line":23,"column":16}},"loc":{"start":{"line":23,"column":19},"end":{"line":23,"column":40}}},"4":{"name":"(anonymous_4)","decl":{"start":{"line":26,"column":13},"end":{"line":26,"column":14}},"loc":{"start":{"line":26,"column":27},"end":{"line":26,"column":58}}}},"branchMap":{},"s":{"0":2,"1":2,"2":2,"3":2,"4":0,"5":1,"6":0,"7":2},"f":{"0":2,"1":2,"2":0,"3":1,"4":0},"b":{}}
,"/Users/shatakshir/Documents/Assignment 1 _AI_talentica/ecommerce-frontend-mvp/src/components/Card.tsx": {"path":"/Users/shatakshir/Documents/Assignment 1 _AI_talentica/ecommerce-frontend-mvp/src/components/Card.tsx","statementMap":{"0":{"start":{"line":3,"column":0},"end":{"line":3,"column":40}},"1":{"start":{"line":4,"column":0},"end":{"line":4,"column":40}},"2":{"start":{"line":10,"column":34},"end":{"line":17,"column":null}},"3":{"start":{"line":11,"column":2},"end":{"line":16,"column":null}},"4":{"start":{"line":20,"column":0},"end":{"line":20,"column":20}}},"fnMap":{"0":{"name":"(anonymous_1)","decl":{"start":{"line":10,"column":34},"end":{"line":10,"column":35}},"loc":{"start":{"line":11,"column":2},"end":{"line":16,"column":null}}}},"branchMap":{},"s":{"0":1,"1":1,"2":1,"3":1,"4":1},"f":{"0":1},"b":{}}
,"/Users/shatakshir/Documents/Assignment 1 _AI_talentica/ecommerce-frontend-mvp/src/components/Loader.tsx": {"path":"/Users/shatakshir/Documents/Assignment 1 _AI_talentica/ecommerce-frontend-mvp/src/components/Loader.tsx","statementMap":{"0":{"start":{"line":2,"column":0},"end":{"line":2,"column":42}},"1":{"start":{"line":4,"column":25},"end":{"line":7,"column":null}},"2":{"start":{"line":5,"column":2},"end":{"line":6,"column":null}},"3":{"start":{"line":10,"column":0},"end":{"line":10,"column":22}}},"fnMap":{"0":{"name":"(anonymous_1)","decl":{"start":{"line":4,"column":25},"end":{"line":4,"column":28}},"loc":{"start":{"line":5,"column":2},"end":{"line":6,"column":null}}}},"branchMap":{},"s":{"0":1,"1":1,"2":2,"3":1},"f":{"0":2},"b":{}}
,"/Users/shatakshir/Documents/Assignment 1 _AI_talentica/ecommerce-frontend-mvp/src/features/cart/cartSlice.ts": {"path":"/Users/shatakshir/Documents/Assignment 1 _AI_talentica/ecommerce-frontend-mvp/src/features/cart/cartSlice.ts","statementMap":{"0":{"start":{"line":1,"column":0},"end":{"line":1,"column":47}},"1":{"start":{"line":14,"column":32},"end":{"line":16,"column":2}},"2":{"start":{"line":18,"column":18},"end":{"line":45,"column":2}},"3":{"start":{"line":23,"column":23},"end":{"line":24,"column":null}},"4":{"start":{"line":24,"column":18},"end":{"line":24,"column":55}},"5":{"start":{"line":26,"column":6},"end":{"line":30,"column":7}},"6":{"start":{"line":27,"column":8},"end":{"line":27,"column":31}},"7":{"start":{"line":29,"column":8},"end":{"line":29,"column":67}},"8":{"start":{"line":33,"column":6},"end":{"line":33,"column":85}},"9":{"start":{"line":33,"column":49},"end":{"line":33,"column":83}},"10":{"start":{"line":36,"column":19},"end":{"line":36,"column":84}},"11":{"start":{"line":36,"column":46},"end":{"line":36,"column":83}},"12":{"start":{"line":37,"column":6},"end":{"line":39,"column":7}},"13":{"start":{"line":38,"column":8},"end":{"line":38,"column":48}},"14":{"start":{"line":42,"column":6},"end":{"line":42,"column":23}},"15":{"start":{"line":47,"column":13},"end":{"line":47,"column":72}},"16":{"start":{"line":48,"column":0},"end":{"line":48,"column":33}}},"fnMap":{"0":{"name":"(anonymous_0)","decl":{"start":{"line":22,"column":4},"end":{"line":22,"column":13}},"loc":{"start":{"line":22,"column":51},"end":{"line":31,"column":5}}},"1":{"name":"(anonymous_1)","decl":{"start":{"line":24,"column":8},"end":{"line":24,"column":9}},"loc":{"start":{"line":24,"column":18},"end":{"line":24,"column":55}}},"2":{"name":"(anonymous_2)","decl":{"start":{"line":32,"column":4},"end":{"line":32,"column":18}},"loc":{"start":{"line":32,"column":55},"end":{"line":34,"column":5}}},"3":{"name":"(anonymous_3)","decl":{"start":{"line":33,"column":39},"end":{"line":33,"column":40}},"loc":{"start":{"line":33,"column":49},"end":{"line":33,"column":83}}},"4":{"name":"(anonymous_4)","decl":{"start":{"line":35,"column":4},"end":{"line":35,"column":18}},"loc":{"start":{"line":35,"column":81},"end":{"line":40,"column":5}}},"5":{"name":"(anonymous_5)","decl":{"start":{"line":36,"column":36},"end":{"line":36,"column":37}},"loc":{"start":{"line":36,"column":46},"end":{"line":36,"column":83}}},"6":{"name":"(anonymous_6)","decl":{"start":{"line":41,"column":4},"end":{"line":41,"column":13}},"loc":{"start":{"line":41,"column":19},"end":{"line":43,"column":5}}}},"branchMap":{"0":{"loc":{"start":{"line":26,"column":6},"end":{"line":30,"column":7}},"type":"if","locations":[{"start":{"line":26,"column":6},"end":{"line":30,"column":7}},{"start":{"line":28,"column":13},"end":{"line":30,"column":7}}]},"1":{"loc":{"start":{"line":37,"column":6},"end":{"line":39,"column":7}},"type":"if","locations":[{"start":{"line":37,"column":6},"end":{"line":39,"column":7}},{"start":{},"end":{}}]}},"s":{"0":3,"1":3,"2":3,"3":1,"4":0,"5":1,"6":0,"7":1,"8":1,"9":1,"10":1,"11":1,"12":1,"13":1,"14":1,"15":3,"16":3},"f":{"0":1,"1":0,"2":1,"3":1,"4":1,"5":1,"6":1},"b":{"0":[0,1],"1":[1,0]}}
,"/Users/shatakshir/Documents/Assignment 1 _AI_talentica/ecommerce-frontend-mvp/src/features/products/ProductList.tsx": {"path":"/Users/shatakshir/Documents/Assignment 1 _AI_talentica/ecommerce-frontend-mvp/src/features/products/ProductList.tsx","statementMap":{"0":{"start":{"line":2,"column":0},"end":{"line":2,"column":45}},"1":{"start":{"line":3,"column":0},"end":{"line":3,"column":41}},"2":{"start":{"line":4,"column":0},"end":{"line":4,"column":47}},"3":{"start":{"line":5,"column":0},"end":{"line":5,"column":64}},"4":{"start":{"line":6,"column":0},"end":{"line":6,"column":61}},"5":{"start":{"line":8,"column":30},"end":{"line":62,"column":1}},"6":{"start":{"line":20,"column":6},"end":{"line":20,"column":24}},"7":{"start":{"line":21,"column":31},"end":{"line":21,"column":54}},"8":{"start":{"line":23,"column":2},"end":{"line":23,"column":35}},"9":{"start":{"line":23,"column":17},"end":{"line":23,"column":35}},"10":{"start":{"line":24,"column":2},"end":{"line":24,"column":80}},"11":{"start":{"line":24,"column":13},"end":{"line":24,"column":80}},"12":{"start":{"line":26,"column":2},"end":{"line":61,"column":4}},"13":{"start":{"line":33,"column":27},"end":{"line":33,"column":52}},"14":{"start":{"line":35,"column":50},"end":{"line":35,"column":77}},"15":{"start":{"line":38,"column":12},"end":{"line":38,"column":30}},"16":{"start":{"line":46,"column":10},"end":{"line":46,"column":33}},"17":{"start":{"line":51,"column":10},"end":{"line":52,"column":null}},"18":{"start":{"line":53,"column":27},"end":{"line":53,"column":41}},"19":{"start":{"line":64,"column":0},"end":{"line":64,"column":27}}},"fnMap":{"0":{"name":"(anonymous_1)","decl":{"start":{"line":8,"column":30},"end":{"line":8,"column":33}},"loc":{"start":{"line":8,"column":35},"end":{"line":62,"column":1}}},"1":{"name":"(anonymous_2)","decl":{"start":{"line":33,"column":20},"end":{"line":33,"column":21}},"loc":{"start":{"line":33,"column":27},"end":{"line":33,"column":52}}},"2":{"name":"(anonymous_3)","decl":{"start":{"line":35,"column":43},"end":{"line":35,"column":44}},"loc":{"start":{"line":35,"column":50},"end":{"line":35,"column":77}}},"3":{"name":"(anonymous_4)","decl":{"start":{"line":37,"column":27},"end":{"line":37,"column":28}},"loc":{"start":{"line":38,"column":12},"end":{"line":38,"column":30}}},"4":{"name":"(anonymous_5)","decl":{"start":{"line":45,"column":22},"end":{"line":45,"column":23}},"loc":{"start":{"line":46,"column":10},"end":{"line":46,"column":33}}},"5":{"name":"(anonymous_6)","decl":{"start":{"line":50,"column":44},"end":{"line":50,"column":45}},"loc":{"start":{"line":51,"column":10},"end":{"line":52,"column":null}}},"6":{"name":"(anonymous_7)","decl":{"start":{"line":53,"column":21},"end":{"line":53,"column":24}},"loc":{"start":{"line":53,"column":27},"end":{"line":53,"column":41}}}},"branchMap":{"0":{"loc":{"start":{"line":23,"column":2},"end":{"line":23,"column":35}},"type":"if","locations":[{"start":{"line":23,"column":2},"end":{"line":23,"column":35}},{"start":{},"end":{}}]},"1":{"loc":{"start":{"line":24,"column":2},"end":{"line":24,"column":80}},"type":"if","locations":[{"start":{"line":24,"column":2},"end":{"line":24,"column":80}},{"start":{},"end":{}}]},"2":{"loc":{"start":{"line":54,"column":54},"end":{"line":54,"column":88}},"type":"cond-expr","locations":[{"start":{"line":54,"column":71},"end":{"line":54,"column":77}},{"start":{"line":54,"column":80},"end":{"line":54,"column":88}}]}},"s":{"0":1,"1":1,"2":1,"3":1,"4":1,"5":1,"6":3,"7":3,"8":3,"9":2,"10":1,"11":0,"12":1,"13":0,"14":0,"15":1,"16":1,"17":1,"18":0,"19":1},"f":{"0":3,"1":0,"2":0,"3":1,"4":1,"5":1,"6":0},"b":{"0":[2,1],"1":[0,1],"2":[1,0]}}
,"/Users/shatakshir/Documents/Assignment 1 _AI_talentica/ecommerce-frontend-mvp/src/features/products/productSlice.ts": {"path":"/Users/shatakshir/Documents/Assignment 1 _AI_talentica/ecommerce-frontend-mvp/src/features/products/productSlice.ts","statementMap":{"0":{"start":{"line":1,"column":0},"end":{"line":1,"column":47}},"1":{"start":{"line":9,"column":36},"end":{"line":11,"column":2}},"2":{"start":{"line":13,"column":21},"end":{"line":21,"column":2}},"3":{"start":{"line":18,"column":6},"end":{"line":18,"column":45}},"4":{"start":{"line":23,"column":15},"end":{"line":23,"column":59}},"5":{"start":{"line":24,"column":0},"end":{"line":24,"column":36}}},"fnMap":{"0":{"name":"(anonymous_0)","decl":{"start":{"line":17,"column":4},"end":{"line":17,"column":22}},"loc":{"start":{"line":17,"column":67},"end":{"line":19,"column":5}}}},"branchMap":{},"s":{"0":2,"1":2,"2":2,"3":0,"4":2,"5":2},"f":{"0":0},"b":{}}
,"/Users/shatakshir/Documents/Assignment 1 _AI_talentica/ecommerce-frontend-mvp/src/hooks/useFetchProducts.ts": {"path":"/Users/shatakshir/Documents/Assignment 1 _AI_talentica/ecommerce-frontend-mvp/src/hooks/useFetchProducts.ts","statementMap":{"0":{"start":{"line":4,"column":0},"end":{"line":4,"column":16}},"1":{"start":{"line":1,"column":0},"end":{"line":1,"column":33}},"2":{"start":{"line":2,"column":0},"end":{"line":2,"column":56}},"3":{"start":{"line":5,"column":37},"end":{"line":5,"column":58}},"4":{"start":{"line":6,"column":30},"end":{"line":6,"column":42}},"5":{"start":{"line":7,"column":34},"end":{"line":7,"column":46}},"6":{"start":{"line":8,"column":26},"end":{"line":8,"column":37}},"7":{"start":{"line":9,"column":19},"end":{"line":9,"column":20}},"8":{"start":{"line":11,"column":19},"end":{"line":15,"column":9}},"9":{"start":{"line":13,"column":6},"end":{"line":14,"column":44}},"10":{"start":{"line":17,"column":20},"end":{"line":17,"column":74}},"11":{"start":{"line":18,"column":21},"end":{"line":18,"column":58}},"12":{"start":{"line":20,"column":2},"end":{"line":31,"column":4}}},"fnMap":{"0":{"name":"useFetchProducts","decl":{"start":{"line":4,"column":16},"end":{"line":4,"column":32}},"loc":{"start":{"line":4,"column":32},"end":{"line":32,"column":1}}},"1":{"name":"(anonymous_1)","decl":{"start":{"line":12,"column":4},"end":{"line":12,"column":5}},"loc":{"start":{"line":13,"column":6},"end":{"line":14,"column":44}}}},"branchMap":{"0":{"loc":{"start":{"line":11,"column":19},"end":{"line":15,"column":9}},"type":"binary-expr","locations":[{"start":{"line":11,"column":19},"end":{"line":14,"column":null}},{"start":{"line":15,"column":7},"end":{"line":15,"column":9}}]},"1":{"loc":{"start":{"line":13,"column":6},"end":{"line":14,"column":44}},"type":"binary-expr","locations":[{"start":{"line":13,"column":7},"end":{"line":13,"column":14}},{"start":{"line":13,"column":18},"end":{"line":13,"column":70}},{"start":{"line":14,"column":7},"end":{"line":14,"column":16}},{"start":{"line":14,"column":20},"end":{"line":14,"column":43}}]}},"s":{"0":2,"1":2,"2":2,"3":7,"4":7,"5":7,"6":7,"7":7,"8":7,"9":1,"10":7,"11":7,"12":7},"f":{"0":7,"1":1},"b":{"0":[7,6],"1":[1,0,1,0]}}
,"/Users/shatakshir/Documents/Assignment 1 _AI_talentica/ecommerce-frontend-mvp/src/store/store.ts": {"path":"/Users/shatakshir/Documents/Assignment 1 _AI_talentica/ecommerce-frontend-mvp/src/store/store.ts","statementMap":{"0":{"start":{"line":1,"column":0},"end":{"line":1,"column":50}},"1":{"start":{"line":2,"column":0},"end":{"line":2,"column":47}},"2":{"start":{"line":3,"column":0},"end":{"line":3,"column":53}},"3":{"start":{"line":4,"column":0},"end":{"line":4,"column":63}},"4":{"start":{"line":6,"column":13},"end":{"line":14,"column":3}},"5":{"start":{"line":13,"column":4},"end":{"line":13,"column":56}}},"fnMap":{"0":{"name":"(anonymous_1)","decl":{"start":{"line":12,"column":14},"end":{"line":12,"column":15}},"loc":{"start":{"line":13,"column":4},"end":{"line":13,"column":56}}}},"branchMap":{},"s":{"0":2,"1":2,"2":2,"3":2,"4":2,"5":2},"f":{"0":2},"b":{}}
}
