TN:
SF:src/api/productApi.ts
FN:15,(anonymous_0)
FN:17,(anonymous_1)
FN:20,(anonymous_2)
FN:23,(anonymous_3)
FN:26,(anonymous_4)
FNF:5
FNH:3
FNDA:2,(anonymous_0)
FNDA:2,(anonymous_1)
FNDA:0,(anonymous_2)
FNDA:1,(anonymous_3)
FNDA:0,(anonymous_4)
DA:1,2
DA:12,2
DA:15,2
DA:17,2
DA:20,0
DA:23,1
DA:26,0
DA:32,2
LF:8
LH:6
BRF:0
BRH:0
end_of_record
TN:
SF:src/components/Card.tsx
FN:10,(anonymous_1)
FNF:1
FNH:1
FNDA:1,(anonymous_1)
DA:3,1
DA:4,1
DA:10,1
DA:11,1
DA:20,1
LF:5
LH:5
BRF:0
BRH:0
end_of_record
TN:
SF:src/components/Loader.tsx
FN:4,(anonymous_1)
FNF:1
FNH:1
FNDA:2,(anonymous_1)
DA:2,1
DA:4,1
DA:5,2
DA:10,1
LF:4
LH:4
BRF:0
BRH:0
end_of_record
TN:
SF:src/features/cart/cartSlice.ts
FN:22,(anonymous_0)
FN:24,(anonymous_1)
FN:32,(anonymous_2)
FN:33,(anonymous_3)
FN:35,(anonymous_4)
FN:36,(anonymous_5)
FN:41,(anonymous_6)
FNF:7
FNH:6
FNDA:1,(anonymous_0)
FNDA:0,(anonymous_1)
FNDA:1,(anonymous_2)
FNDA:1,(anonymous_3)
FNDA:1,(anonymous_4)
FNDA:1,(anonymous_5)
FNDA:1,(anonymous_6)
DA:1,3
DA:14,3
DA:18,3
DA:23,1
DA:24,0
DA:26,1
DA:27,0
DA:29,1
DA:33,1
DA:36,1
DA:37,1
DA:38,1
DA:42,1
DA:47,3
DA:48,3
LF:15
LH:13
BRDA:26,0,0,0
BRDA:26,0,1,1
BRDA:37,1,0,1
BRDA:37,1,1,0
BRF:4
BRH:2
end_of_record
TN:
SF:src/features/products/ProductList.tsx
FN:8,(anonymous_1)
FN:33,(anonymous_2)
FN:35,(anonymous_3)
FN:37,(anonymous_4)
FN:45,(anonymous_5)
FN:50,(anonymous_6)
FN:53,(anonymous_7)
FNF:7
FNH:4
FNDA:3,(anonymous_1)
FNDA:0,(anonymous_2)
FNDA:0,(anonymous_3)
FNDA:1,(anonymous_4)
FNDA:1,(anonymous_5)
FNDA:1,(anonymous_6)
FNDA:0,(anonymous_7)
DA:2,1
DA:3,1
DA:4,1
DA:5,1
DA:6,1
DA:8,1
DA:20,3
DA:21,3
DA:23,3
DA:24,1
DA:26,1
DA:33,0
DA:35,0
DA:38,1
DA:46,1
DA:51,1
DA:53,0
DA:64,1
LF:18
LH:15
BRDA:23,0,0,2
BRDA:23,0,1,1
BRDA:24,1,0,0
BRDA:24,1,1,1
BRDA:54,2,0,1
BRDA:54,2,1,0
BRF:6
BRH:4
end_of_record
TN:
SF:src/features/products/productSlice.ts
FN:17,(anonymous_0)
FNF:1
FNH:0
FNDA:0,(anonymous_0)
DA:1,2
DA:9,2
DA:13,2
DA:18,0
DA:23,2
DA:24,2
LF:6
LH:5
BRF:0
BRH:0
end_of_record
TN:
SF:src/hooks/useFetchProducts.ts
FN:4,useFetchProducts
FN:12,(anonymous_1)
FNF:2
FNH:2
FNDA:7,useFetchProducts
FNDA:1,(anonymous_1)
DA:1,2
DA:2,2
DA:4,2
DA:5,7
DA:6,7
DA:7,7
DA:8,7
DA:9,7
DA:11,7
DA:13,1
DA:17,7
DA:18,7
DA:20,7
LF:13
LH:13
BRDA:11,0,0,7
BRDA:11,0,1,6
BRDA:13,1,0,1
BRDA:13,1,1,0
BRDA:13,1,2,1
BRDA:13,1,3,0
BRF:6
BRH:4
end_of_record
TN:
SF:src/store/store.ts
FN:12,(anonymous_1)
FNF:1
FNH:1
FNDA:2,(anonymous_1)
DA:1,2
DA:2,2
DA:3,2
DA:4,2
DA:6,2
DA:13,2
LF:6
LH:6
BRF:0
BRH:0
end_of_record
